<?xml version="1.0" encoding="UTF-8"?>
<!-- Generated by org.testng.reporters.JUnitXMLReporter -->
<testsuite ignored="0" hostname="LAPTOP-DMU344E3" failures="0" tests="13" name="CrossBrowserTesting" time="20.31" errors="0" timestamp="09 Jun 2020 00:06:17 GMT">
  <testcase classname="HomeWorkMar22.yahooAccount_hwC" name="validateFirstName" time="0.276"/>
  <testcase classname="HomeWorkMar22.yahooAccount_hwC" name="validateLastName" time="0.169"/>
  <testcase classname="HomeWorkMar22.yahooAccount_hwC" name="validateId" time="0.264"/>
  <testcase classname="HomeWorkMar22.yahooAccount_hwC" name="validatePassword" time="0.242"/>
  <testcase classname="HomeWorkMar22.yahooAccount_hwC" name="validatePhone" time="0.203"/>
  <testcase classname="HomeWorkMar22.yahooAccount_hwC" name="validateMonth" time="0.18"/>
  <testcase classname="HomeWorkMar22.yahooAccount_hwC" name="validateDate" time="0.136"/>
  <testcase classname="HomeWorkMar22.yahooAccount_hwC" name="validateYear" time="0.16"/>
  <testcase classname="HomeWorkMar22.yahooAccount_hwC" name="validateGender" time="0.154"/>
  <testcase classname="HomeWorkMar22.yahooAccount_hwC" name="validateTerms" time="0.06"/>
  <testcase classname="HomeWorkMar22.yahooAccount_hwC" name="validatePrivacyPolicy" time="0.056"/>
  <testcase classname="HomeWorkMar22.yahooAccount_hwC" name="validateContinueButton" time="0.058"/>
  <testcase classname="HomeWorkMar22.yahooAccount_hwC" name="validateSignIn" time="0.06"/>
</testsuite> <!-- CrossBrowserTesting -->
