<?xml version="1.0" encoding="UTF-8"?>
<!-- Generated by org.testng.reporters.JUnitXMLReporter -->
<testsuite ignored="0" hostname="LAPTOP-DMU344E3" failures="0" tests="14" name="page new tours sign up" time="24.963" errors="0" timestamp="15 May 2020 14:39:24 GMT">
  <testcase classname="HomeWorkMar22.pageNewTours_hwG" name="validateFirstName" time="0.222"/>
  <testcase classname="HomeWorkMar22.pageNewTours_hwG" name="validateLastName" time="0.156"/>
  <testcase classname="HomeWorkMar22.pageNewTours_hwG" name="validatePhone" time="0.212"/>
  <testcase classname="HomeWorkMar22.pageNewTours_hwG" name="validateEmail" time="0.232"/>
  <testcase classname="HomeWorkMar22.pageNewTours_hwG" name="validateAddress" time="0.264"/>
  <testcase classname="HomeWorkMar22.pageNewTours_hwG" name="validateCity" time="0.135"/>
  <testcase classname="HomeWorkMar22.pageNewTours_hwG" name="validateState" time="0.164"/>
  <testcase classname="HomeWorkMar22.pageNewTours_hwG" name="validatePostalCode" time="0.124"/>
  <testcase classname="HomeWorkMar22.pageNewTours_hwG" name="validateUserName" time="0.164"/>
  <testcase classname="HomeWorkMar22.pageNewTours_hwG" name="validatePassword" time="0.161"/>
  <testcase classname="HomeWorkMar22.pageNewTours_hwG" name="validateConfirmPassword" time="0.132"/>
  <testcase classname="HomeWorkMar22.pageNewTours_hwG" name="validateSubmit" time="0.123"/>
  <testcase classname="HomeWorkMar22.pageNewTours_hwG" name="validateTitle" time="0.015"/>
  <testcase classname="HomeWorkMar22.pageNewTours_hwG" name="validateUrl" time="0.013"/>
</testsuite> <!-- page new tours sign up -->
