<?xml version="1.0" encoding="UTF-8"?>
<!-- Generated by org.testng.reporters.JUnitXMLReporter -->
<testsuite ignored="0" hostname="LAPTOP-DMU344E3" failures="0" tests="14" name="page new tours sign up" time="25.054" errors="0" timestamp="11 Apr 2020 19:06:33 GMT">
  <testcase classname="HomeWorkMar22.pageNewTours_hwG" name="validateFirstName" time="0.297"/>
  <testcase classname="HomeWorkMar22.pageNewTours_hwG" name="validateLastName" time="0.171"/>
  <testcase classname="HomeWorkMar22.pageNewTours_hwG" name="validatePhone" time="0.238"/>
  <testcase classname="HomeWorkMar22.pageNewTours_hwG" name="validateEmail" time="0.289"/>
  <testcase classname="HomeWorkMar22.pageNewTours_hwG" name="validateAddress" time="0.434"/>
  <testcase classname="HomeWorkMar22.pageNewTours_hwG" name="validateCity" time="0.222"/>
  <testcase classname="HomeWorkMar22.pageNewTours_hwG" name="validateState" time="0.208"/>
  <testcase classname="HomeWorkMar22.pageNewTours_hwG" name="validatePostalCode" time="0.165"/>
  <testcase classname="HomeWorkMar22.pageNewTours_hwG" name="validateUserName" time="0.201"/>
  <testcase classname="HomeWorkMar22.pageNewTours_hwG" name="validatePassword" time="0.19"/>
  <testcase classname="HomeWorkMar22.pageNewTours_hwG" name="validateConfirmPassword" time="0.181"/>
  <testcase classname="HomeWorkMar22.pageNewTours_hwG" name="validateSubmit" time="0.145"/>
  <testcase classname="HomeWorkMar22.pageNewTours_hwG" name="validateTitle" time="0.015"/>
  <testcase classname="HomeWorkMar22.pageNewTours_hwG" name="validateUrl" time="0.042"/>
</testsuite> <!-- page new tours sign up -->
