<?xml version="1.0" encoding="UTF-8"?>
<!-- Generated by org.testng.reporters.JUnitXMLReporter -->
<testsuite ignored="0" hostname="LAPTOP-DMU344E3" failures="0" tests="9" name="php Travels Sign Up" time="23.868" errors="0" timestamp="15 May 2020 14:39:23 GMT">
  <testcase classname="HomeWorkMar22.phpTravels_hwG" name="validateFirstName" time="0.257"/>
  <testcase classname="HomeWorkMar22.phpTravels_hwG" name="validateLastName" time="0.197"/>
  <testcase classname="HomeWorkMar22.phpTravels_hwG" name="validatePhone" time="0.327"/>
  <testcase classname="HomeWorkMar22.phpTravels_hwG" name="validateEmail" time="0.473"/>
  <testcase classname="HomeWorkMar22.phpTravels_hwG" name="validatePassword" time="0.232"/>
  <testcase classname="HomeWorkMar22.phpTravels_hwG" name="validateConfirmPassword" time="0.246"/>
  <testcase classname="HomeWorkMar22.phpTravels_hwG" name="validateSignUp" time="0.082"/>
  <testcase classname="HomeWorkMar22.phpTravels_hwG" name="validateTitle" time="0.013"/>
  <testcase classname="HomeWorkMar22.phpTravels_hwG" name="validateUrl" time="0.014"/>
</testsuite> <!-- php Travels Sign Up -->
