<?xml version="1.0" encoding="UTF-8"?>
<!-- Generated by org.testng.reporters.JUnitXMLReporter -->
<testsuite ignored="0" hostname="LAPTOP-DMU344E3" failures="0" tests="45" name="pageNewTours_phpTravels_yahooAccount_automationPractice" time="72.84" errors="0" timestamp="09 Apr 2020 19:32:03 GMT">
  <testcase classname="HomeWorkMar22.phpTravels_hwB" name="validateFirstName" time="0.117"/>
  <testcase classname="HomeWorkMar22.yahooAccount_hwC" name="validateFirstName" time="0.153"/>
  <testcase classname="HomeWorkMar22.automationPractice_hwD" name="validateSpecials" time="0.243"/>
  <testcase classname="HomeWorkMar22.phpTravels_hwB" name="validateLastName" time="0.135"/>
  <testcase classname="HomeWorkMar22.yahooAccount_hwC" name="validateLastName" time="0.137"/>
  <testcase classname="HomeWorkMar22.automationPractice_hwD" name="validateCreateAccount" time="0.098"/>
  <testcase classname="HomeWorkMar22.phpTravels_hwB" name="validatePhone" time="0.153"/>
  <testcase classname="HomeWorkMar22.yahooAccount_hwC" name="validateId" time="0.2"/>
  <testcase classname="HomeWorkMar22.automationPractice_hwD" name="validateTitleMr" time="0.099"/>
  <testcase classname="HomeWorkMar22.phpTravels_hwB" name="validateEmail" time="0.188"/>
  <testcase classname="HomeWorkMar22.yahooAccount_hwC" name="validatePassword" time="0.167"/>
  <testcase classname="HomeWorkMar22.automationPractice_hwD" name="validateFirstName" time="0.135"/>
  <testcase classname="HomeWorkMar22.phpTravels_hwB" name="validatePassword" time="0.143"/>
  <testcase classname="HomeWorkMar22.yahooAccount_hwC" name="validatePhone" time="0.146"/>
  <testcase classname="HomeWorkMar22.automationPractice_hwD" name="validateLastName" time="0.152"/>
  <testcase classname="HomeWorkMar22.phpTravels_hwB" name="validateConfirmPassword" time="0.132"/>
  <testcase classname="HomeWorkMar22.yahooAccount_hwC" name="validateMonth" time="0.153"/>
  <testcase classname="HomeWorkMar22.automationPractice_hwD" name="validatePassword" time="0.167"/>
  <testcase classname="HomeWorkMar22.phpTravels_hwB" name="validateSignUp" time="0.037"/>
  <testcase classname="HomeWorkMar22.yahooAccount_hwC" name="validateDate" time="0.118"/>
  <testcase classname="HomeWorkMar22.automationPractice_hwD" name="validateDate" time="0.123"/>
  <testcase classname="HomeWorkMar22.phpTravels_hwB" name="validateTitle" time="0.013"/>
  <testcase classname="HomeWorkMar22.yahooAccount_hwC" name="validateYear" time="0.125"/>
  <testcase classname="HomeWorkMar22.automationPractice_hwD" name="validateMonth" time="0.2"/>
  <testcase classname="HomeWorkMar22.phpTravels_hwB" name="validateUrl" time="0.012"/>
  <testcase classname="HomeWorkMar22.yahooAccount_hwC" name="validateGender" time="0.114"/>
  <testcase classname="HomeWorkMar22.automationPractice_hwD" name="validateYear" time="0.115"/>
  <testcase classname="HomeWorkMar22.yahooAccount_hwC" name="validateTerms" time="0.05"/>
  <testcase classname="HomeWorkMar22.automationPractice_hwD" name="validateNewsLetter" time="0.087"/>
  <testcase classname="HomeWorkMar22.yahooAccount_hwC" name="validatePrivacyPolicy" time="0.05"/>
  <testcase classname="HomeWorkMar22.automationPractice_hwD" name="validateSpecialOffers" time="0.078"/>
  <testcase classname="HomeWorkMar22.yahooAccount_hwC" name="validateContinueButton" time="0.039"/>
  <testcase classname="HomeWorkMar22.automationPractice_hwD" name="validateCompany" time="0.173"/>
  <testcase classname="HomeWorkMar22.yahooAccount_hwC" name="validateSignIn" time="0.04"/>
  <testcase classname="HomeWorkMar22.automationPractice_hwD" name="validateAddress" time="0.299"/>
  <testcase classname="HomeWorkMar22.automationPractice_hwD" name="validateCity" time="0.145"/>
  <testcase classname="HomeWorkMar22.automationPractice_hwD" name="valdateState" time="0.112"/>
  <testcase classname="HomeWorkMar22.automationPractice_hwD" name="valdateZipCode" time="0.112"/>
  <testcase classname="HomeWorkMar22.automationPractice_hwD" name="validateAdditionalInformation" time="0.138"/>
  <testcase classname="HomeWorkMar22.automationPractice_hwD" name="validateHomePhone" time="0.148"/>
  <testcase classname="HomeWorkMar22.automationPractice_hwD" name="validateMobilePhone" time="0.14"/>
  <testcase classname="HomeWorkMar22.automationPractice_hwD" name="validateAlias" time="0.154"/>
  <testcase classname="HomeWorkMar22.automationPractice_hwD" name="validateRegister" time="0.048"/>
  <testcase classname="HomeWorkMar22.automationPractice_hwD" name="validateUrl" time="0.02"/>
  <testcase classname="HomeWorkMar22.automationPractice_hwD" name="validateTitle" time="0.014"/>
</testsuite> <!-- pageNewTours_phpTravels_yahooAccount_automationPractice -->
