<?xml version="1.0" encoding="UTF-8"?>
<!-- Generated by org.testng.reporters.JUnitXMLReporter -->
<testsuite ignored="0" hostname="LAPTOP-DMU344E3" failures="0" tests="9" name="Default test" time="21.992" errors="0" timestamp="09 Apr 2020 14:51:36 GMT">
  <testcase classname="HomeWorkMar22.phpTravels_hwB" name="validateFirstName" time="0.201"/>
  <testcase classname="HomeWorkMar22.phpTravels_hwB" name="validateLastName" time="0.159"/>
  <testcase classname="HomeWorkMar22.phpTravels_hwB" name="validatePhone" time="0.183"/>
  <testcase classname="HomeWorkMar22.phpTravels_hwB" name="validateEmail" time="0.312"/>
  <testcase classname="HomeWorkMar22.phpTravels_hwB" name="validatePassword" time="0.174"/>
  <testcase classname="HomeWorkMar22.phpTravels_hwB" name="validateConfirmPassword" time="0.182"/>
  <testcase classname="HomeWorkMar22.phpTravels_hwB" name="validateSignUp" time="0.053"/>
  <testcase classname="HomeWorkMar22.phpTravels_hwB" name="validateTitle" time="0.019"/>
  <testcase classname="HomeWorkMar22.phpTravels_hwB" name="validateUrl" time="0.02"/>
</testsuite> <!-- Default test -->
