<?xml version="1.0" encoding="UTF-8"?>
<!-- Generated by org.testng.reporters.JUnitXMLReporter -->
<testsuite ignored="0" hostname="LAPTOP-DMU344E3" failures="0" tests="13" name="Default test" time="23.157" errors="0" timestamp="09 Apr 2020 18:58:55 GMT">
  <testcase classname="HomeWorkMar22.yahooAccount_hwC" name="validateFirstName" time="0.191"/>
  <testcase classname="HomeWorkMar22.yahooAccount_hwC" name="validateLastName" time="0.138"/>
  <testcase classname="HomeWorkMar22.yahooAccount_hwC" name="validateId" time="0.198"/>
  <testcase classname="HomeWorkMar22.yahooAccount_hwC" name="validatePassword" time="0.151"/>
  <testcase classname="HomeWorkMar22.yahooAccount_hwC" name="validatePhone" time="0.149"/>
  <testcase classname="HomeWorkMar22.yahooAccount_hwC" name="validateMonth" time="0.157"/>
  <testcase classname="HomeWorkMar22.yahooAccount_hwC" name="validateDate" time="0.12"/>
  <testcase classname="HomeWorkMar22.yahooAccount_hwC" name="validateYear" time="0.13"/>
  <testcase classname="HomeWorkMar22.yahooAccount_hwC" name="validateGender" time="0.14"/>
  <testcase classname="HomeWorkMar22.yahooAccount_hwC" name="validateTerms" time="0.053"/>
  <testcase classname="HomeWorkMar22.yahooAccount_hwC" name="validatePrivacyPolicy" time="0.044"/>
  <testcase classname="HomeWorkMar22.yahooAccount_hwC" name="validateContinueButton" time="0.044"/>
  <testcase classname="HomeWorkMar22.yahooAccount_hwC" name="validateSignIn" time="0.049"/>
</testsuite> <!-- Default test -->
