<?xml version="1.0" encoding="UTF-8"?>
<testng-results ignored="0" total="45" passed="45" failed="0" skipped="0">
  <reporter-output>
    <line>
      <![CDATA[Entering John in the First Name Text Box]]>
    </line>
    <line>
      <![CDATA[Entering Thomas in the First Name Text Box]]>
    </line>
    <line>
      <![CDATA[Verifying First Name is displayed]]>
    </line>
    <line>
      <![CDATA[Entering thomasmill193@yahoo.com in the Email Address Text Box]]>
    </line>
    <line>
      <![CDATA[Entering Stewart in the Last Name Text Box]]>
    </line>
    <line>
      <![CDATA[Entering Mill in the Last Name Text Box]]>
    </line>
    <line>
      <![CDATA[Verifying Last Name is displayed]]>
    </line>
    <line>
      <![CDATA[Verifying the Create Account is displayed]]>
    </line>
    <line>
      <![CDATA[Entering 7031234567 in the Phone Text Box]]>
    </line>
    <line>
      <![CDATA[Entering thomasmill193 in the Email Address Text Box]]>
    </line>
    <line>
      <![CDATA[Verifying Email Address is displayed]]>
    </line>
    <line>
      <![CDATA[Selecting Mr. in the Title Radio Button]]>
    </line>
    <line>
      <![CDATA[Entering johnstewart@yahoo.com in the Email Text Box]]>
    </line>
    <line>
      <![CDATA[Entering ABcd@12345678 in the Password Text Box]]>
    </line>
    <line>
      <![CDATA[Verifying Password is displayed]]>
    </line>
    <line>
      <![CDATA[Entering Glen in the First Name Text Box]]>
    </line>
    <line>
      <![CDATA[Entering Abcd1234 in the Password Text Box]]>
    </line>
    <line>
      <![CDATA[Entering 7031234567 in the Phone Text Box]]>
    </line>
    <line>
      <![CDATA[Verifying the Phone is displayed]]>
    </line>
    <line>
      <![CDATA[Entering McGrath in the Last Name Text Box]]>
    </line>
    <line>
      <![CDATA[Entering Abcd1234 in the Confirm Password Text Box]]>
    </line>
    <line>
      <![CDATA[Entering February in the Month Text Box]]>
    </line>
    <line>
      <![CDATA[Verifying the Month is displayed]]>
    </line>
    <line>
      <![CDATA[Entering GlenMcg94 in the Password Text Box]]>
    </line>
    <line>
      <![CDATA[Verifying Text of the WebElement signup]]>
    </line>
    <line>
      <![CDATA[Entering 01 in the Day Text Box]]>
    </line>
    <line>
      <![CDATA[Verifying the Day is displayed]]>
    </line>
    <line>
      <![CDATA[Verifying the Day is displayed]]>
    </line>
    <line>
      <![CDATA[Selecting 10 from the Day drop down menu]]>
    </line>
    <line>
      <![CDATA[Verifying Title of the page]]>
    </line>
    <line>
      <![CDATA[Entering 1995 in the Year Text Box]]>
    </line>
    <line>
      <![CDATA[Verifying the Year is displayed]]>
    </line>
    <line>
      <![CDATA[Verifying the Month is displayed]]>
    </line>
    <line>
      <![CDATA[Selecting June from the Month drop down menu]]>
    </line>
    <line>
      <![CDATA[Verifying Url of the page]]>
    </line>
    <line>
      <![CDATA[Entering Male in the Gender Text Box]]>
    </line>
    <line>
      <![CDATA[Verifying the Gender is displayed]]>
    </line>
    <line>
      <![CDATA[Verifying the Year is displayed]]>
    </line>
    <line>
      <![CDATA[Selecting 2000 from the Year drop down menu]]>
    </line>
    <line>
      <![CDATA[Verifying the Terms are displayed]]>
    </line>
    <line>
      <![CDATA[Selecting News Letter Radio Button]]>
    </line>
    <line>
      <![CDATA[Verifying the Privacy Policy is displayed]]>
    </line>
    <line>
      <![CDATA[Selecting Special Offers Radio Button]]>
    </line>
    <line>
      <![CDATA[Verifying the Continue Button is displayed]]>
    </line>
    <line>
      <![CDATA[Entering Agile1Tech in the Company Text Box]]>
    </line>
    <line>
      <![CDATA[Verifying the Sign In is displayed]]>
    </line>
    <line>
      <![CDATA[Entering 10400 Eaton Pl Suite # 105 in the Address Text Box]]>
    </line>
    <line>
      <![CDATA[Entering Fairfax in the City Text Box]]>
    </line>
    <line>
      <![CDATA[Verifying the State is displayed]]>
    </line>
    <line>
      <![CDATA[Selecting Virginia from the State drop down menu]]>
    </line>
    <line>
      <![CDATA[Entering 22030 in the Zip Code Text Box]]>
    </line>
    <line>
      <![CDATA[Entering Thank you in the Additional Information Text Box]]>
    </line>
    <line>
      <![CDATA[Entering 5716455899 int the Phone Text Box]]>
    </line>
    <line>
      <![CDATA[Entering 5716455899 int the Mobile Phone Text Box]]>
    </line>
    <line>
      <![CDATA[Entering Agile1Tech int the Alias Text Box]]>
    </line>
    <line>
      <![CDATA[Verifying Register Button is displayed]]>
    </line>
    <line>
      <![CDATA[Verifying Actual Url of the page]]>
    </line>
    <line>
      <![CDATA[Verifying Actual Title of the page]]>
    </line>
  </reporter-output>
  <suite started-at="2020-04-09T19:30:50Z" name="HomeWork_March22" finished-at="2020-04-09T19:32:03Z" duration-ms="72840">
    <groups>
    </groups>
    <test started-at="2020-04-09T19:30:50Z" name="pageNewTours_phpTravels_yahooAccount_automationPractice" finished-at="2020-04-09T19:32:03Z" duration-ms="72840">
      <class name="HomeWorkMar22.automationPractice_hwD">
        <test-method is-config="true" signature="beforeTest()[pri:0, instance:HomeWorkMar22.automationPractice_hwD@17c386de]" started-at="2020-04-09T15:30:50Z" name="beforeTest" finished-at="2020-04-09T15:31:02Z" duration-ms="12372" status="PASS">
          <reporter-output>
          </reporter-output>
        </test-method> <!-- beforeTest -->
        <test-method is-config="true" signature="beforeTest()[pri:0, instance:HomeWorkMar22.phpTravels_hwB@548a102f]" started-at="2020-04-09T15:31:02Z" name="beforeTest" finished-at="2020-04-09T15:31:15Z" duration-ms="12895" status="PASS">
          <reporter-output>
          </reporter-output>
        </test-method> <!-- beforeTest -->
        <test-method is-config="true" signature="beforeTest()[pri:0, instance:HomeWorkMar22.yahooAccount_hwC@5762806e]" started-at="2020-04-09T15:31:15Z" name="beforeTest" finished-at="2020-04-09T15:31:27Z" duration-ms="11633" status="PASS">
          <reporter-output>
          </reporter-output>
        </test-method> <!-- beforeTest -->
        <test-method is-config="true" signature="beforeMethod()[pri:0, instance:HomeWorkMar22.automationPractice_hwD@17c386de]" started-at="2020-04-09T15:31:28Z" name="beforeMethod" finished-at="2020-04-09T15:31:28Z" duration-ms="501" status="PASS">
          <reporter-output>
          </reporter-output>
        </test-method> <!-- beforeMethod -->
        <test-method signature="validateSpecials()[pri:1, instance:HomeWorkMar22.automationPractice_hwD@17c386de]" started-at="2020-04-09T15:31:28Z" name="validateSpecials" finished-at="2020-04-09T15:31:29Z" duration-ms="243" status="PASS">
          <reporter-output>
            <line>
              <![CDATA[Entering thomasmill193@yahoo.com in the Email Address Text Box]]>
            </line>
          </reporter-output>
        </test-method> <!-- validateSpecials -->
        <test-method is-config="true" signature="beforeMethod()[pri:0, instance:HomeWorkMar22.automationPractice_hwD@17c386de]" started-at="2020-04-09T15:31:30Z" name="beforeMethod" finished-at="2020-04-09T15:31:30Z" duration-ms="501" status="PASS">
          <reporter-output>
          </reporter-output>
        </test-method> <!-- beforeMethod -->
        <test-method signature="validateCreateAccount()[pri:2, instance:HomeWorkMar22.automationPractice_hwD@17c386de]" started-at="2020-04-09T15:31:30Z" name="validateCreateAccount" finished-at="2020-04-09T15:31:31Z" duration-ms="98" status="PASS">
          <reporter-output>
            <line>
              <![CDATA[Verifying the Create Account is displayed]]>
            </line>
          </reporter-output>
        </test-method> <!-- validateCreateAccount -->
        <test-method is-config="true" signature="beforeMethod()[pri:0, instance:HomeWorkMar22.automationPractice_hwD@17c386de]" started-at="2020-04-09T15:31:32Z" name="beforeMethod" finished-at="2020-04-09T15:31:32Z" duration-ms="500" status="PASS">
          <reporter-output>
          </reporter-output>
        </test-method> <!-- beforeMethod -->
        <test-method signature="validateTitleMr()[pri:3, instance:HomeWorkMar22.automationPractice_hwD@17c386de]" started-at="2020-04-09T15:31:32Z" name="validateTitleMr" finished-at="2020-04-09T15:31:33Z" duration-ms="99" status="PASS">
          <reporter-output>
            <line>
              <![CDATA[Selecting Mr. in the Title Radio Button]]>
            </line>
          </reporter-output>
        </test-method> <!-- validateTitleMr -->
        <test-method is-config="true" signature="beforeMethod()[pri:0, instance:HomeWorkMar22.automationPractice_hwD@17c386de]" started-at="2020-04-09T15:31:34Z" name="beforeMethod" finished-at="2020-04-09T15:31:34Z" duration-ms="501" status="PASS">
          <reporter-output>
          </reporter-output>
        </test-method> <!-- beforeMethod -->
        <test-method signature="validateFirstName()[pri:4, instance:HomeWorkMar22.automationPractice_hwD@17c386de]" started-at="2020-04-09T15:31:34Z" name="validateFirstName" finished-at="2020-04-09T15:31:35Z" duration-ms="135" status="PASS">
          <reporter-output>
            <line>
              <![CDATA[Entering Glen in the First Name Text Box]]>
            </line>
          </reporter-output>
        </test-method> <!-- validateFirstName -->
        <test-method is-config="true" signature="beforeMethod()[pri:0, instance:HomeWorkMar22.automationPractice_hwD@17c386de]" started-at="2020-04-09T15:31:36Z" name="beforeMethod" finished-at="2020-04-09T15:31:36Z" duration-ms="500" status="PASS">
          <reporter-output>
          </reporter-output>
        </test-method> <!-- beforeMethod -->
        <test-method signature="validateLastName()[pri:5, instance:HomeWorkMar22.automationPractice_hwD@17c386de]" started-at="2020-04-09T15:31:36Z" name="validateLastName" finished-at="2020-04-09T15:31:36Z" duration-ms="152" status="PASS">
          <reporter-output>
            <line>
              <![CDATA[Entering McGrath in the Last Name Text Box]]>
            </line>
          </reporter-output>
        </test-method> <!-- validateLastName -->
        <test-method is-config="true" signature="beforeMethod()[pri:0, instance:HomeWorkMar22.automationPractice_hwD@17c386de]" started-at="2020-04-09T15:31:38Z" name="beforeMethod" finished-at="2020-04-09T15:31:38Z" duration-ms="500" status="PASS">
          <reporter-output>
          </reporter-output>
        </test-method> <!-- beforeMethod -->
        <test-method signature="validatePassword()[pri:6, instance:HomeWorkMar22.automationPractice_hwD@17c386de]" started-at="2020-04-09T15:31:38Z" name="validatePassword" finished-at="2020-04-09T15:31:38Z" duration-ms="167" status="PASS">
          <reporter-output>
            <line>
              <![CDATA[Entering GlenMcg94 in the Password Text Box]]>
            </line>
          </reporter-output>
        </test-method> <!-- validatePassword -->
        <test-method is-config="true" signature="beforeMethod()[pri:0, instance:HomeWorkMar22.automationPractice_hwD@17c386de]" started-at="2020-04-09T15:31:40Z" name="beforeMethod" finished-at="2020-04-09T15:31:40Z" duration-ms="501" status="PASS">
          <reporter-output>
          </reporter-output>
        </test-method> <!-- beforeMethod -->
        <test-method signature="validateDate()[pri:7, instance:HomeWorkMar22.automationPractice_hwD@17c386de]" started-at="2020-04-09T15:31:40Z" name="validateDate" finished-at="2020-04-09T15:31:40Z" duration-ms="123" status="PASS">
          <reporter-output>
            <line>
              <![CDATA[Verifying the Day is displayed]]>
            </line>
            <line>
              <![CDATA[Selecting 10 from the Day drop down menu]]>
            </line>
          </reporter-output>
        </test-method> <!-- validateDate -->
        <test-method is-config="true" signature="beforeMethod()[pri:0, instance:HomeWorkMar22.automationPractice_hwD@17c386de]" started-at="2020-04-09T15:31:41Z" name="beforeMethod" finished-at="2020-04-09T15:31:42Z" duration-ms="501" status="PASS">
          <reporter-output>
          </reporter-output>
        </test-method> <!-- beforeMethod -->
        <test-method signature="validateMonth()[pri:8, instance:HomeWorkMar22.automationPractice_hwD@17c386de]" started-at="2020-04-09T15:31:42Z" name="validateMonth" finished-at="2020-04-09T15:31:42Z" duration-ms="200" status="PASS">
          <reporter-output>
            <line>
              <![CDATA[Verifying the Month is displayed]]>
            </line>
            <line>
              <![CDATA[Selecting June from the Month drop down menu]]>
            </line>
          </reporter-output>
        </test-method> <!-- validateMonth -->
        <test-method is-config="true" signature="beforeMethod()[pri:0, instance:HomeWorkMar22.automationPractice_hwD@17c386de]" started-at="2020-04-09T15:31:43Z" name="beforeMethod" finished-at="2020-04-09T15:31:44Z" duration-ms="501" status="PASS">
          <reporter-output>
          </reporter-output>
        </test-method> <!-- beforeMethod -->
        <test-method signature="validateYear()[pri:9, instance:HomeWorkMar22.automationPractice_hwD@17c386de]" started-at="2020-04-09T15:31:44Z" name="validateYear" finished-at="2020-04-09T15:31:44Z" duration-ms="115" status="PASS">
          <reporter-output>
            <line>
              <![CDATA[Verifying the Year is displayed]]>
            </line>
            <line>
              <![CDATA[Selecting 2000 from the Year drop down menu]]>
            </line>
          </reporter-output>
        </test-method> <!-- validateYear -->
        <test-method is-config="true" signature="beforeMethod()[pri:0, instance:HomeWorkMar22.automationPractice_hwD@17c386de]" started-at="2020-04-09T15:31:44Z" name="beforeMethod" finished-at="2020-04-09T15:31:45Z" duration-ms="500" status="PASS">
          <reporter-output>
          </reporter-output>
        </test-method> <!-- beforeMethod -->
        <test-method signature="validateNewsLetter()[pri:10, instance:HomeWorkMar22.automationPractice_hwD@17c386de]" started-at="2020-04-09T15:31:45Z" name="validateNewsLetter" finished-at="2020-04-09T15:31:45Z" duration-ms="87" status="PASS">
          <reporter-output>
            <line>
              <![CDATA[Selecting News Letter Radio Button]]>
            </line>
          </reporter-output>
        </test-method> <!-- validateNewsLetter -->
        <test-method is-config="true" signature="beforeMethod()[pri:0, instance:HomeWorkMar22.automationPractice_hwD@17c386de]" started-at="2020-04-09T15:31:46Z" name="beforeMethod" finished-at="2020-04-09T15:31:46Z" duration-ms="500" status="PASS">
          <reporter-output>
          </reporter-output>
        </test-method> <!-- beforeMethod -->
        <test-method signature="validateSpecialOffers()[pri:11, instance:HomeWorkMar22.automationPractice_hwD@17c386de]" started-at="2020-04-09T15:31:46Z" name="validateSpecialOffers" finished-at="2020-04-09T15:31:46Z" duration-ms="78" status="PASS">
          <reporter-output>
            <line>
              <![CDATA[Selecting Special Offers Radio Button]]>
            </line>
          </reporter-output>
        </test-method> <!-- validateSpecialOffers -->
        <test-method is-config="true" signature="beforeMethod()[pri:0, instance:HomeWorkMar22.automationPractice_hwD@17c386de]" started-at="2020-04-09T15:31:47Z" name="beforeMethod" finished-at="2020-04-09T15:31:47Z" duration-ms="500" status="PASS">
          <reporter-output>
          </reporter-output>
        </test-method> <!-- beforeMethod -->
        <test-method signature="validateCompany()[pri:12, instance:HomeWorkMar22.automationPractice_hwD@17c386de]" started-at="2020-04-09T15:31:47Z" name="validateCompany" finished-at="2020-04-09T15:31:47Z" duration-ms="173" status="PASS">
          <reporter-output>
            <line>
              <![CDATA[Entering Agile1Tech in the Company Text Box]]>
            </line>
          </reporter-output>
        </test-method> <!-- validateCompany -->
        <test-method is-config="true" signature="beforeMethod()[pri:0, instance:HomeWorkMar22.automationPractice_hwD@17c386de]" started-at="2020-04-09T15:31:48Z" name="beforeMethod" finished-at="2020-04-09T15:31:48Z" duration-ms="501" status="PASS">
          <reporter-output>
          </reporter-output>
        </test-method> <!-- beforeMethod -->
        <test-method signature="validateAddress()[pri:13, instance:HomeWorkMar22.automationPractice_hwD@17c386de]" started-at="2020-04-09T15:31:48Z" name="validateAddress" finished-at="2020-04-09T15:31:49Z" duration-ms="299" status="PASS">
          <reporter-output>
            <line>
              <![CDATA[Entering 10400 Eaton Pl Suite # 105 in the Address Text Box]]>
            </line>
          </reporter-output>
        </test-method> <!-- validateAddress -->
        <test-method is-config="true" signature="beforeMethod()[pri:0, instance:HomeWorkMar22.automationPractice_hwD@17c386de]" started-at="2020-04-09T15:31:49Z" name="beforeMethod" finished-at="2020-04-09T15:31:49Z" duration-ms="500" status="PASS">
          <reporter-output>
          </reporter-output>
        </test-method> <!-- beforeMethod -->
        <test-method signature="validateCity()[pri:14, instance:HomeWorkMar22.automationPractice_hwD@17c386de]" started-at="2020-04-09T15:31:49Z" name="validateCity" finished-at="2020-04-09T15:31:49Z" duration-ms="145" status="PASS">
          <reporter-output>
            <line>
              <![CDATA[Entering Fairfax in the City Text Box]]>
            </line>
          </reporter-output>
        </test-method> <!-- validateCity -->
        <test-method is-config="true" signature="beforeMethod()[pri:0, instance:HomeWorkMar22.automationPractice_hwD@17c386de]" started-at="2020-04-09T15:31:49Z" name="beforeMethod" finished-at="2020-04-09T15:31:50Z" duration-ms="501" status="PASS">
          <reporter-output>
          </reporter-output>
        </test-method> <!-- beforeMethod -->
        <test-method signature="valdateState()[pri:15, instance:HomeWorkMar22.automationPractice_hwD@17c386de]" started-at="2020-04-09T15:31:50Z" name="valdateState" finished-at="2020-04-09T15:31:50Z" duration-ms="112" status="PASS">
          <reporter-output>
            <line>
              <![CDATA[Verifying the State is displayed]]>
            </line>
            <line>
              <![CDATA[Selecting Virginia from the State drop down menu]]>
            </line>
          </reporter-output>
        </test-method> <!-- valdateState -->
        <test-method is-config="true" signature="beforeMethod()[pri:0, instance:HomeWorkMar22.automationPractice_hwD@17c386de]" started-at="2020-04-09T15:31:50Z" name="beforeMethod" finished-at="2020-04-09T15:31:50Z" duration-ms="501" status="PASS">
          <reporter-output>
          </reporter-output>
        </test-method> <!-- beforeMethod -->
        <test-method signature="valdateZipCode()[pri:16, instance:HomeWorkMar22.automationPractice_hwD@17c386de]" started-at="2020-04-09T15:31:50Z" name="valdateZipCode" finished-at="2020-04-09T15:31:51Z" duration-ms="112" status="PASS">
          <reporter-output>
            <line>
              <![CDATA[Entering 22030 in the Zip Code Text Box]]>
            </line>
          </reporter-output>
        </test-method> <!-- valdateZipCode -->
        <test-method is-config="true" signature="beforeMethod()[pri:0, instance:HomeWorkMar22.automationPractice_hwD@17c386de]" started-at="2020-04-09T15:31:51Z" name="beforeMethod" finished-at="2020-04-09T15:31:51Z" duration-ms="500" status="PASS">
          <reporter-output>
          </reporter-output>
        </test-method> <!-- beforeMethod -->
        <test-method signature="validateAdditionalInformation()[pri:17, instance:HomeWorkMar22.automationPractice_hwD@17c386de]" started-at="2020-04-09T15:31:51Z" name="validateAdditionalInformation" finished-at="2020-04-09T15:31:51Z" duration-ms="138" status="PASS">
          <reporter-output>
            <line>
              <![CDATA[Entering Thank you in the Additional Information Text Box]]>
            </line>
          </reporter-output>
        </test-method> <!-- validateAdditionalInformation -->
        <test-method is-config="true" signature="beforeMethod()[pri:0, instance:HomeWorkMar22.automationPractice_hwD@17c386de]" started-at="2020-04-09T15:31:51Z" name="beforeMethod" finished-at="2020-04-09T15:31:52Z" duration-ms="500" status="PASS">
          <reporter-output>
          </reporter-output>
        </test-method> <!-- beforeMethod -->
        <test-method signature="validateHomePhone()[pri:18, instance:HomeWorkMar22.automationPractice_hwD@17c386de]" started-at="2020-04-09T15:31:52Z" name="validateHomePhone" finished-at="2020-04-09T15:31:52Z" duration-ms="148" status="PASS">
          <reporter-output>
            <line>
              <![CDATA[Entering 5716455899 int the Phone Text Box]]>
            </line>
          </reporter-output>
        </test-method> <!-- validateHomePhone -->
        <test-method is-config="true" signature="beforeMethod()[pri:0, instance:HomeWorkMar22.automationPractice_hwD@17c386de]" started-at="2020-04-09T15:31:52Z" name="beforeMethod" finished-at="2020-04-09T15:31:52Z" duration-ms="501" status="PASS">
          <reporter-output>
          </reporter-output>
        </test-method> <!-- beforeMethod -->
        <test-method signature="validateMobilePhone()[pri:19, instance:HomeWorkMar22.automationPractice_hwD@17c386de]" started-at="2020-04-09T15:31:52Z" name="validateMobilePhone" finished-at="2020-04-09T15:31:52Z" duration-ms="140" status="PASS">
          <reporter-output>
            <line>
              <![CDATA[Entering 5716455899 int the Mobile Phone Text Box]]>
            </line>
          </reporter-output>
        </test-method> <!-- validateMobilePhone -->
        <test-method is-config="true" signature="beforeMethod()[pri:0, instance:HomeWorkMar22.automationPractice_hwD@17c386de]" started-at="2020-04-09T15:31:52Z" name="beforeMethod" finished-at="2020-04-09T15:31:53Z" duration-ms="501" status="PASS">
          <reporter-output>
          </reporter-output>
        </test-method> <!-- beforeMethod -->
        <test-method signature="validateAlias()[pri:20, instance:HomeWorkMar22.automationPractice_hwD@17c386de]" started-at="2020-04-09T15:31:53Z" name="validateAlias" finished-at="2020-04-09T15:31:53Z" duration-ms="154" status="PASS">
          <reporter-output>
            <line>
              <![CDATA[Entering Agile1Tech int the Alias Text Box]]>
            </line>
          </reporter-output>
        </test-method> <!-- validateAlias -->
        <test-method is-config="true" signature="beforeMethod()[pri:0, instance:HomeWorkMar22.automationPractice_hwD@17c386de]" started-at="2020-04-09T15:31:53Z" name="beforeMethod" finished-at="2020-04-09T15:31:54Z" duration-ms="501" status="PASS">
          <reporter-output>
          </reporter-output>
        </test-method> <!-- beforeMethod -->
        <test-method signature="validateRegister()[pri:21, instance:HomeWorkMar22.automationPractice_hwD@17c386de]" started-at="2020-04-09T15:31:54Z" name="validateRegister" finished-at="2020-04-09T15:31:54Z" duration-ms="48" status="PASS">
          <reporter-output>
            <line>
              <![CDATA[Verifying Register Button is displayed]]>
            </line>
          </reporter-output>
        </test-method> <!-- validateRegister -->
        <test-method is-config="true" signature="beforeMethod()[pri:0, instance:HomeWorkMar22.automationPractice_hwD@17c386de]" started-at="2020-04-09T15:31:54Z" name="beforeMethod" finished-at="2020-04-09T15:31:54Z" duration-ms="500" status="PASS">
          <reporter-output>
          </reporter-output>
        </test-method> <!-- beforeMethod -->
        <test-method signature="validateUrl()[pri:22, instance:HomeWorkMar22.automationPractice_hwD@17c386de]" started-at="2020-04-09T15:31:54Z" name="validateUrl" finished-at="2020-04-09T15:31:54Z" duration-ms="20" status="PASS">
          <reporter-output>
            <line>
              <![CDATA[Verifying Actual Url of the page]]>
            </line>
          </reporter-output>
        </test-method> <!-- validateUrl -->
        <test-method is-config="true" signature="beforeMethod()[pri:0, instance:HomeWorkMar22.automationPractice_hwD@17c386de]" started-at="2020-04-09T15:31:54Z" name="beforeMethod" finished-at="2020-04-09T15:31:55Z" duration-ms="501" status="PASS">
          <reporter-output>
          </reporter-output>
        </test-method> <!-- beforeMethod -->
        <test-method signature="validateTitle()[pri:23, instance:HomeWorkMar22.automationPractice_hwD@17c386de]" started-at="2020-04-09T15:31:55Z" name="validateTitle" finished-at="2020-04-09T15:31:55Z" duration-ms="14" status="PASS">
          <reporter-output>
            <line>
              <![CDATA[Verifying Actual Title of the page]]>
            </line>
          </reporter-output>
        </test-method> <!-- validateTitle -->
        <test-method is-config="true" signature="afterTest()[pri:0, instance:HomeWorkMar22.automationPractice_hwD@17c386de]" started-at="2020-04-09T15:31:55Z" name="afterTest" finished-at="2020-04-09T15:31:57Z" duration-ms="2640" status="PASS">
          <reporter-output>
          </reporter-output>
        </test-method> <!-- afterTest -->
        <test-method is-config="true" signature="afterTest()[pri:0, instance:HomeWorkMar22.phpTravels_hwB@548a102f]" started-at="2020-04-09T15:31:57Z" name="afterTest" finished-at="2020-04-09T15:32:00Z" duration-ms="2640" status="PASS">
          <reporter-output>
          </reporter-output>
        </test-method> <!-- afterTest -->
        <test-method is-config="true" signature="afterTest()[pri:0, instance:HomeWorkMar22.yahooAccount_hwC@5762806e]" started-at="2020-04-09T15:32:00Z" name="afterTest" finished-at="2020-04-09T15:32:03Z" duration-ms="2640" status="PASS">
          <reporter-output>
          </reporter-output>
        </test-method> <!-- afterTest -->
      </class> <!-- HomeWorkMar22.automationPractice_hwD -->
      <class name="HomeWorkMar22.yahooAccount_hwC">
        <test-method is-config="true" signature="beforeMethod()[pri:0, instance:HomeWorkMar22.yahooAccount_hwC@5762806e]" started-at="2020-04-09T15:31:27Z" name="beforeMethod" finished-at="2020-04-09T15:31:28Z" duration-ms="500" status="PASS">
          <reporter-output>
          </reporter-output>
        </test-method> <!-- beforeMethod -->
        <test-method signature="validateFirstName()[pri:1, instance:HomeWorkMar22.yahooAccount_hwC@5762806e]" started-at="2020-04-09T15:31:28Z" name="validateFirstName" finished-at="2020-04-09T15:31:28Z" duration-ms="153" status="PASS">
          <reporter-output>
            <line>
              <![CDATA[Entering Thomas in the First Name Text Box]]>
            </line>
            <line>
              <![CDATA[Verifying First Name is displayed]]>
            </line>
          </reporter-output>
        </test-method> <!-- validateFirstName -->
        <test-method is-config="true" signature="beforeMethod()[pri:0, instance:HomeWorkMar22.yahooAccount_hwC@5762806e]" started-at="2020-04-09T15:31:29Z" name="beforeMethod" finished-at="2020-04-09T15:31:30Z" duration-ms="501" status="PASS">
          <reporter-output>
          </reporter-output>
        </test-method> <!-- beforeMethod -->
        <test-method signature="validateLastName()[pri:2, instance:HomeWorkMar22.yahooAccount_hwC@5762806e]" started-at="2020-04-09T15:31:30Z" name="validateLastName" finished-at="2020-04-09T15:31:30Z" duration-ms="137" status="PASS">
          <reporter-output>
            <line>
              <![CDATA[Entering Mill in the Last Name Text Box]]>
            </line>
            <line>
              <![CDATA[Verifying Last Name is displayed]]>
            </line>
          </reporter-output>
        </test-method> <!-- validateLastName -->
        <test-method is-config="true" signature="beforeMethod()[pri:0, instance:HomeWorkMar22.yahooAccount_hwC@5762806e]" started-at="2020-04-09T15:31:31Z" name="beforeMethod" finished-at="2020-04-09T15:31:32Z" duration-ms="501" status="PASS">
          <reporter-output>
          </reporter-output>
        </test-method> <!-- beforeMethod -->
        <test-method signature="validateId()[pri:3, instance:HomeWorkMar22.yahooAccount_hwC@5762806e]" started-at="2020-04-09T15:31:32Z" name="validateId" finished-at="2020-04-09T15:31:32Z" duration-ms="200" status="PASS">
          <reporter-output>
            <line>
              <![CDATA[Entering thomasmill193 in the Email Address Text Box]]>
            </line>
            <line>
              <![CDATA[Verifying Email Address is displayed]]>
            </line>
          </reporter-output>
        </test-method> <!-- validateId -->
        <test-method is-config="true" signature="beforeMethod()[pri:0, instance:HomeWorkMar22.yahooAccount_hwC@5762806e]" started-at="2020-04-09T15:31:33Z" name="beforeMethod" finished-at="2020-04-09T15:31:34Z" duration-ms="500" status="PASS">
          <reporter-output>
          </reporter-output>
        </test-method> <!-- beforeMethod -->
        <test-method signature="validatePassword()[pri:4, instance:HomeWorkMar22.yahooAccount_hwC@5762806e]" started-at="2020-04-09T15:31:34Z" name="validatePassword" finished-at="2020-04-09T15:31:34Z" duration-ms="167" status="PASS">
          <reporter-output>
            <line>
              <![CDATA[Entering ABcd@12345678 in the Password Text Box]]>
            </line>
            <line>
              <![CDATA[Verifying Password is displayed]]>
            </line>
          </reporter-output>
        </test-method> <!-- validatePassword -->
        <test-method is-config="true" signature="beforeMethod()[pri:0, instance:HomeWorkMar22.yahooAccount_hwC@5762806e]" started-at="2020-04-09T15:31:35Z" name="beforeMethod" finished-at="2020-04-09T15:31:36Z" duration-ms="500" status="PASS">
          <reporter-output>
          </reporter-output>
        </test-method> <!-- beforeMethod -->
        <test-method signature="validatePhone()[pri:5, instance:HomeWorkMar22.yahooAccount_hwC@5762806e]" started-at="2020-04-09T15:31:36Z" name="validatePhone" finished-at="2020-04-09T15:31:36Z" duration-ms="146" status="PASS">
          <reporter-output>
            <line>
              <![CDATA[Entering 7031234567 in the Phone Text Box]]>
            </line>
            <line>
              <![CDATA[Verifying the Phone is displayed]]>
            </line>
          </reporter-output>
        </test-method> <!-- validatePhone -->
        <test-method is-config="true" signature="beforeMethod()[pri:0, instance:HomeWorkMar22.yahooAccount_hwC@5762806e]" started-at="2020-04-09T15:31:37Z" name="beforeMethod" finished-at="2020-04-09T15:31:38Z" duration-ms="500" status="PASS">
          <reporter-output>
          </reporter-output>
        </test-method> <!-- beforeMethod -->
        <test-method signature="validateMonth()[pri:6, instance:HomeWorkMar22.yahooAccount_hwC@5762806e]" started-at="2020-04-09T15:31:38Z" name="validateMonth" finished-at="2020-04-09T15:31:38Z" duration-ms="153" status="PASS">
          <reporter-output>
            <line>
              <![CDATA[Entering February in the Month Text Box]]>
            </line>
            <line>
              <![CDATA[Verifying the Month is displayed]]>
            </line>
          </reporter-output>
        </test-method> <!-- validateMonth -->
        <test-method is-config="true" signature="beforeMethod()[pri:0, instance:HomeWorkMar22.yahooAccount_hwC@5762806e]" started-at="2020-04-09T15:31:39Z" name="beforeMethod" finished-at="2020-04-09T15:31:39Z" duration-ms="500" status="PASS">
          <reporter-output>
          </reporter-output>
        </test-method> <!-- beforeMethod -->
        <test-method signature="validateDate()[pri:7, instance:HomeWorkMar22.yahooAccount_hwC@5762806e]" started-at="2020-04-09T15:31:39Z" name="validateDate" finished-at="2020-04-09T15:31:40Z" duration-ms="118" status="PASS">
          <reporter-output>
            <line>
              <![CDATA[Entering 01 in the Day Text Box]]>
            </line>
            <line>
              <![CDATA[Verifying the Day is displayed]]>
            </line>
          </reporter-output>
        </test-method> <!-- validateDate -->
        <test-method is-config="true" signature="beforeMethod()[pri:0, instance:HomeWorkMar22.yahooAccount_hwC@5762806e]" started-at="2020-04-09T15:31:41Z" name="beforeMethod" finished-at="2020-04-09T15:31:41Z" duration-ms="500" status="PASS">
          <reporter-output>
          </reporter-output>
        </test-method> <!-- beforeMethod -->
        <test-method signature="validateYear()[pri:8, instance:HomeWorkMar22.yahooAccount_hwC@5762806e]" started-at="2020-04-09T15:31:41Z" name="validateYear" finished-at="2020-04-09T15:31:41Z" duration-ms="125" status="PASS">
          <reporter-output>
            <line>
              <![CDATA[Entering 1995 in the Year Text Box]]>
            </line>
            <line>
              <![CDATA[Verifying the Year is displayed]]>
            </line>
          </reporter-output>
        </test-method> <!-- validateYear -->
        <test-method is-config="true" signature="beforeMethod()[pri:0, instance:HomeWorkMar22.yahooAccount_hwC@5762806e]" started-at="2020-04-09T15:31:43Z" name="beforeMethod" finished-at="2020-04-09T15:31:43Z" duration-ms="500" status="PASS">
          <reporter-output>
          </reporter-output>
        </test-method> <!-- beforeMethod -->
        <test-method signature="validateGender()[pri:9, instance:HomeWorkMar22.yahooAccount_hwC@5762806e]" started-at="2020-04-09T15:31:43Z" name="validateGender" finished-at="2020-04-09T15:31:43Z" duration-ms="114" status="PASS">
          <reporter-output>
            <line>
              <![CDATA[Entering Male in the Gender Text Box]]>
            </line>
            <line>
              <![CDATA[Verifying the Gender is displayed]]>
            </line>
          </reporter-output>
        </test-method> <!-- validateGender -->
        <test-method is-config="true" signature="beforeMethod()[pri:0, instance:HomeWorkMar22.yahooAccount_hwC@5762806e]" started-at="2020-04-09T15:31:44Z" name="beforeMethod" finished-at="2020-04-09T15:31:44Z" duration-ms="500" status="PASS">
          <reporter-output>
          </reporter-output>
        </test-method> <!-- beforeMethod -->
        <test-method signature="validateTerms()[pri:10, instance:HomeWorkMar22.yahooAccount_hwC@5762806e]" started-at="2020-04-09T15:31:44Z" name="validateTerms" finished-at="2020-04-09T15:31:44Z" duration-ms="50" status="PASS">
          <reporter-output>
            <line>
              <![CDATA[Verifying the Terms are displayed]]>
            </line>
          </reporter-output>
        </test-method> <!-- validateTerms -->
        <test-method is-config="true" signature="beforeMethod()[pri:0, instance:HomeWorkMar22.yahooAccount_hwC@5762806e]" started-at="2020-04-09T15:31:45Z" name="beforeMethod" finished-at="2020-04-09T15:31:45Z" duration-ms="500" status="PASS">
          <reporter-output>
          </reporter-output>
        </test-method> <!-- beforeMethod -->
        <test-method signature="validatePrivacyPolicy()[pri:11, instance:HomeWorkMar22.yahooAccount_hwC@5762806e]" started-at="2020-04-09T15:31:45Z" name="validatePrivacyPolicy" finished-at="2020-04-09T15:31:46Z" duration-ms="50" status="PASS">
          <reporter-output>
            <line>
              <![CDATA[Verifying the Privacy Policy is displayed]]>
            </line>
          </reporter-output>
        </test-method> <!-- validatePrivacyPolicy -->
        <test-method is-config="true" signature="beforeMethod()[pri:0, instance:HomeWorkMar22.yahooAccount_hwC@5762806e]" started-at="2020-04-09T15:31:46Z" name="beforeMethod" finished-at="2020-04-09T15:31:47Z" duration-ms="501" status="PASS">
          <reporter-output>
          </reporter-output>
        </test-method> <!-- beforeMethod -->
        <test-method signature="validateContinueButton()[pri:12, instance:HomeWorkMar22.yahooAccount_hwC@5762806e]" started-at="2020-04-09T15:31:47Z" name="validateContinueButton" finished-at="2020-04-09T15:31:47Z" duration-ms="39" status="PASS">
          <reporter-output>
            <line>
              <![CDATA[Verifying the Continue Button is displayed]]>
            </line>
          </reporter-output>
        </test-method> <!-- validateContinueButton -->
        <test-method is-config="true" signature="beforeMethod()[pri:0, instance:HomeWorkMar22.yahooAccount_hwC@5762806e]" started-at="2020-04-09T15:31:47Z" name="beforeMethod" finished-at="2020-04-09T15:31:48Z" duration-ms="501" status="PASS">
          <reporter-output>
          </reporter-output>
        </test-method> <!-- beforeMethod -->
        <test-method signature="validateSignIn()[pri:13, instance:HomeWorkMar22.yahooAccount_hwC@5762806e]" started-at="2020-04-09T15:31:48Z" name="validateSignIn" finished-at="2020-04-09T15:31:48Z" duration-ms="40" status="PASS">
          <reporter-output>
            <line>
              <![CDATA[Verifying the Sign In is displayed]]>
            </line>
          </reporter-output>
        </test-method> <!-- validateSignIn -->
      </class> <!-- HomeWorkMar22.yahooAccount_hwC -->
      <class name="HomeWorkMar22.phpTravels_hwB">
        <test-method is-config="true" signature="beforeMethod()[pri:0, instance:HomeWorkMar22.phpTravels_hwB@548a102f]" started-at="2020-04-09T15:31:27Z" name="beforeMethod" finished-at="2020-04-09T15:31:27Z" duration-ms="501" status="PASS">
          <reporter-output>
          </reporter-output>
        </test-method> <!-- beforeMethod -->
        <test-method signature="validateFirstName()[pri:1, instance:HomeWorkMar22.phpTravels_hwB@548a102f]" started-at="2020-04-09T15:31:27Z" name="validateFirstName" finished-at="2020-04-09T15:31:27Z" duration-ms="117" status="PASS">
          <reporter-output>
            <line>
              <![CDATA[Entering John in the First Name Text Box]]>
            </line>
          </reporter-output>
        </test-method> <!-- validateFirstName -->
        <test-method is-config="true" signature="beforeMethod()[pri:0, instance:HomeWorkMar22.phpTravels_hwB@548a102f]" started-at="2020-04-09T15:31:29Z" name="beforeMethod" finished-at="2020-04-09T15:31:29Z" duration-ms="501" status="PASS">
          <reporter-output>
          </reporter-output>
        </test-method> <!-- beforeMethod -->
        <test-method signature="validateLastName()[pri:2, instance:HomeWorkMar22.phpTravels_hwB@548a102f]" started-at="2020-04-09T15:31:29Z" name="validateLastName" finished-at="2020-04-09T15:31:29Z" duration-ms="135" status="PASS">
          <reporter-output>
            <line>
              <![CDATA[Entering Stewart in the Last Name Text Box]]>
            </line>
          </reporter-output>
        </test-method> <!-- validateLastName -->
        <test-method is-config="true" signature="beforeMethod()[pri:0, instance:HomeWorkMar22.phpTravels_hwB@548a102f]" started-at="2020-04-09T15:31:31Z" name="beforeMethod" finished-at="2020-04-09T15:31:31Z" duration-ms="500" status="PASS">
          <reporter-output>
          </reporter-output>
        </test-method> <!-- beforeMethod -->
        <test-method signature="validatePhone()[pri:3, instance:HomeWorkMar22.phpTravels_hwB@548a102f]" started-at="2020-04-09T15:31:31Z" name="validatePhone" finished-at="2020-04-09T15:31:31Z" duration-ms="153" status="PASS">
          <reporter-output>
            <line>
              <![CDATA[Entering 7031234567 in the Phone Text Box]]>
            </line>
          </reporter-output>
        </test-method> <!-- validatePhone -->
        <test-method is-config="true" signature="beforeMethod()[pri:0, instance:HomeWorkMar22.phpTravels_hwB@548a102f]" started-at="2020-04-09T15:31:33Z" name="beforeMethod" finished-at="2020-04-09T15:31:33Z" duration-ms="502" status="PASS">
          <reporter-output>
          </reporter-output>
        </test-method> <!-- beforeMethod -->
        <test-method signature="validateEmail()[pri:4, instance:HomeWorkMar22.phpTravels_hwB@548a102f]" started-at="2020-04-09T15:31:33Z" name="validateEmail" finished-at="2020-04-09T15:31:33Z" duration-ms="188" status="PASS">
          <reporter-output>
            <line>
              <![CDATA[Entering johnstewart@yahoo.com in the Email Text Box]]>
            </line>
          </reporter-output>
        </test-method> <!-- validateEmail -->
        <test-method is-config="true" signature="beforeMethod()[pri:0, instance:HomeWorkMar22.phpTravels_hwB@548a102f]" started-at="2020-04-09T15:31:35Z" name="beforeMethod" finished-at="2020-04-09T15:31:35Z" duration-ms="500" status="PASS">
          <reporter-output>
          </reporter-output>
        </test-method> <!-- beforeMethod -->
        <test-method signature="validatePassword()[pri:5, instance:HomeWorkMar22.phpTravels_hwB@548a102f]" started-at="2020-04-09T15:31:35Z" name="validatePassword" finished-at="2020-04-09T15:31:35Z" duration-ms="143" status="PASS">
          <reporter-output>
            <line>
              <![CDATA[Entering Abcd1234 in the Password Text Box]]>
            </line>
          </reporter-output>
        </test-method> <!-- validatePassword -->
        <test-method is-config="true" signature="beforeMethod()[pri:0, instance:HomeWorkMar22.phpTravels_hwB@548a102f]" started-at="2020-04-09T15:31:36Z" name="beforeMethod" finished-at="2020-04-09T15:31:37Z" duration-ms="500" status="PASS">
          <reporter-output>
          </reporter-output>
        </test-method> <!-- beforeMethod -->
        <test-method signature="validateConfirmPassword()[pri:6, instance:HomeWorkMar22.phpTravels_hwB@548a102f]" started-at="2020-04-09T15:31:37Z" name="validateConfirmPassword" finished-at="2020-04-09T15:31:37Z" duration-ms="132" status="PASS">
          <reporter-output>
            <line>
              <![CDATA[Entering Abcd1234 in the Confirm Password Text Box]]>
            </line>
          </reporter-output>
        </test-method> <!-- validateConfirmPassword -->
        <test-method is-config="true" signature="beforeMethod()[pri:0, instance:HomeWorkMar22.phpTravels_hwB@548a102f]" started-at="2020-04-09T15:31:38Z" name="beforeMethod" finished-at="2020-04-09T15:31:39Z" duration-ms="501" status="PASS">
          <reporter-output>
          </reporter-output>
        </test-method> <!-- beforeMethod -->
        <test-method signature="validateSignUp()[pri:7, instance:HomeWorkMar22.phpTravels_hwB@548a102f]" started-at="2020-04-09T15:31:39Z" name="validateSignUp" finished-at="2020-04-09T15:31:39Z" duration-ms="37" status="PASS">
          <reporter-output>
            <line>
              <![CDATA[Verifying Text of the WebElement signup]]>
            </line>
          </reporter-output>
        </test-method> <!-- validateSignUp -->
        <test-method is-config="true" signature="beforeMethod()[pri:0, instance:HomeWorkMar22.phpTravels_hwB@548a102f]" started-at="2020-04-09T15:31:40Z" name="beforeMethod" finished-at="2020-04-09T15:31:41Z" duration-ms="500" status="PASS">
          <reporter-output>
          </reporter-output>
        </test-method> <!-- beforeMethod -->
        <test-method signature="validateTitle()[pri:8, instance:HomeWorkMar22.phpTravels_hwB@548a102f]" started-at="2020-04-09T15:31:41Z" name="validateTitle" finished-at="2020-04-09T15:31:41Z" duration-ms="13" status="PASS">
          <reporter-output>
            <line>
              <![CDATA[Verifying Title of the page]]>
            </line>
          </reporter-output>
        </test-method> <!-- validateTitle -->
        <test-method is-config="true" signature="beforeMethod()[pri:0, instance:HomeWorkMar22.phpTravels_hwB@548a102f]" started-at="2020-04-09T15:31:42Z" name="beforeMethod" finished-at="2020-04-09T15:31:43Z" duration-ms="500" status="PASS">
          <reporter-output>
          </reporter-output>
        </test-method> <!-- beforeMethod -->
        <test-method signature="validateUrl()[pri:9, instance:HomeWorkMar22.phpTravels_hwB@548a102f]" started-at="2020-04-09T15:31:43Z" name="validateUrl" finished-at="2020-04-09T15:31:43Z" duration-ms="12" status="PASS">
          <reporter-output>
            <line>
              <![CDATA[Verifying Url of the page]]>
            </line>
          </reporter-output>
        </test-method> <!-- validateUrl -->
      </class> <!-- HomeWorkMar22.phpTravels_hwB -->
    </test> <!-- pageNewTours_phpTravels_yahooAccount_automationPractice -->
  </suite> <!-- HomeWork_March22 -->
</testng-results>
