<?xml version="1.0" encoding="UTF-8"?>
<testng-results ignored="0" total="23" passed="23" failed="0" skipped="0">
  <reporter-output>
    <line>
      <![CDATA[Verifying the submit button is enabled]]>
    </line>
    <line>
      <![CDATA[Verifying the submit button is displayed]]>
    </line>
  </reporter-output>
  <suite started-at="2020-05-15T14:38:59Z" name="data driver framework" finished-at="2020-05-15T14:39:24Z" duration-ms="24963">
    <groups>
    </groups>
    <test started-at="2020-05-15T14:38:59Z" name="php Travels Sign Up" finished-at="2020-05-15T14:39:23Z" duration-ms="23868">
      <class name="HomeWorkMar22.phpTravels_hwG">
        <test-method is-config="true" signature="beforeTest()[pri:0, instance:HomeWorkMar22.phpTravels_hwG@3d299e3]" started-at="2020-05-15T10:38:59Z" name="beforeTest" finished-at="2020-05-15T10:39:14Z" duration-ms="14769" status="PASS">
          <reporter-output>
          </reporter-output>
        </test-method> <!-- beforeTest -->
        <test-method is-config="true" signature="beforeMethod()[pri:0, instance:HomeWorkMar22.phpTravels_hwG@3d299e3]" started-at="2020-05-15T10:39:14Z" name="beforeMethod" finished-at="2020-05-15T10:39:14Z" duration-ms="503" status="PASS">
          <reporter-output>
          </reporter-output>
        </test-method> <!-- beforeMethod -->
        <test-method signature="validateFirstName(java.lang.String)[pri:1, instance:HomeWorkMar22.phpTravels_hwG@3d299e3]" started-at="2020-05-15T10:39:14Z" name="validateFirstName" finished-at="2020-05-15T10:39:14Z" duration-ms="257" status="PASS">
          <params>
            <param index="0">
              <value>
                <![CDATA[Tommy]]>
              </value>
            </param>
          </params>
          <reporter-output>
          </reporter-output>
        </test-method> <!-- validateFirstName -->
        <test-method is-config="true" signature="beforeMethod()[pri:0, instance:HomeWorkMar22.phpTravels_hwG@3d299e3]" started-at="2020-05-15T10:39:14Z" name="beforeMethod" finished-at="2020-05-15T10:39:15Z" duration-ms="500" status="PASS">
          <reporter-output>
          </reporter-output>
        </test-method> <!-- beforeMethod -->
        <test-method signature="validateLastName(java.lang.String)[pri:2, instance:HomeWorkMar22.phpTravels_hwG@3d299e3]" started-at="2020-05-15T10:39:15Z" name="validateLastName" finished-at="2020-05-15T10:39:15Z" duration-ms="197" status="PASS">
          <params>
            <param index="0">
              <value>
                <![CDATA[Lee]]>
              </value>
            </param>
          </params>
          <reporter-output>
          </reporter-output>
        </test-method> <!-- validateLastName -->
        <test-method is-config="true" signature="beforeMethod()[pri:0, instance:HomeWorkMar22.phpTravels_hwG@3d299e3]" started-at="2020-05-15T10:39:15Z" name="beforeMethod" finished-at="2020-05-15T10:39:15Z" duration-ms="501" status="PASS">
          <reporter-output>
          </reporter-output>
        </test-method> <!-- beforeMethod -->
        <test-method signature="validatePhone(java.lang.String)[pri:3, instance:HomeWorkMar22.phpTravels_hwG@3d299e3]" started-at="2020-05-15T10:39:15Z" name="validatePhone" finished-at="2020-05-15T10:39:16Z" duration-ms="327" status="PASS">
          <params>
            <param index="0">
              <value>
                <![CDATA[7031234567]]>
              </value>
            </param>
          </params>
          <reporter-output>
          </reporter-output>
        </test-method> <!-- validatePhone -->
        <test-method is-config="true" signature="beforeMethod()[pri:0, instance:HomeWorkMar22.phpTravels_hwG@3d299e3]" started-at="2020-05-15T10:39:16Z" name="beforeMethod" finished-at="2020-05-15T10:39:16Z" duration-ms="501" status="PASS">
          <reporter-output>
          </reporter-output>
        </test-method> <!-- beforeMethod -->
        <test-method signature="validateEmail(java.lang.String)[pri:4, instance:HomeWorkMar22.phpTravels_hwG@3d299e3]" started-at="2020-05-15T10:39:16Z" name="validateEmail" finished-at="2020-05-15T10:39:17Z" duration-ms="473" status="PASS">
          <params>
            <param index="0">
              <value>
                <![CDATA[tommylee1998@gmail.com]]>
              </value>
            </param>
          </params>
          <reporter-output>
          </reporter-output>
        </test-method> <!-- validateEmail -->
        <test-method is-config="true" signature="beforeMethod()[pri:0, instance:HomeWorkMar22.phpTravels_hwG@3d299e3]" started-at="2020-05-15T10:39:17Z" name="beforeMethod" finished-at="2020-05-15T10:39:17Z" duration-ms="501" status="PASS">
          <reporter-output>
          </reporter-output>
        </test-method> <!-- beforeMethod -->
        <test-method signature="validatePassword(java.lang.String)[pri:5, instance:HomeWorkMar22.phpTravels_hwG@3d299e3]" started-at="2020-05-15T10:39:17Z" name="validatePassword" finished-at="2020-05-15T10:39:18Z" duration-ms="232" status="PASS">
          <params>
            <param index="0">
              <value>
                <![CDATA[LeeToomy2]]>
              </value>
            </param>
          </params>
          <reporter-output>
          </reporter-output>
        </test-method> <!-- validatePassword -->
        <test-method is-config="true" signature="beforeMethod()[pri:0, instance:HomeWorkMar22.phpTravels_hwG@3d299e3]" started-at="2020-05-15T10:39:18Z" name="beforeMethod" finished-at="2020-05-15T10:39:18Z" duration-ms="500" status="PASS">
          <reporter-output>
          </reporter-output>
        </test-method> <!-- beforeMethod -->
        <test-method signature="validateConfirmPassword(java.lang.String)[pri:6, instance:HomeWorkMar22.phpTravels_hwG@3d299e3]" started-at="2020-05-15T10:39:18Z" name="validateConfirmPassword" finished-at="2020-05-15T10:39:18Z" duration-ms="246" status="PASS">
          <params>
            <param index="0">
              <value>
                <![CDATA[LeeToomy2]]>
              </value>
            </param>
          </params>
          <reporter-output>
          </reporter-output>
        </test-method> <!-- validateConfirmPassword -->
        <test-method is-config="true" signature="beforeMethod()[pri:0, instance:HomeWorkMar22.phpTravels_hwG@3d299e3]" started-at="2020-05-15T10:39:18Z" name="beforeMethod" finished-at="2020-05-15T10:39:19Z" duration-ms="501" status="PASS">
          <reporter-output>
          </reporter-output>
        </test-method> <!-- beforeMethod -->
        <test-method signature="validateSignUp(java.lang.String)[pri:7, instance:HomeWorkMar22.phpTravels_hwG@3d299e3]" started-at="2020-05-15T10:39:19Z" name="validateSignUp" finished-at="2020-05-15T10:39:19Z" duration-ms="82" status="PASS">
          <params>
            <param index="0">
              <value>
                <![CDATA[SIGN UP]]>
              </value>
            </param>
          </params>
          <reporter-output>
          </reporter-output>
        </test-method> <!-- validateSignUp -->
        <test-method is-config="true" signature="beforeMethod()[pri:0, instance:HomeWorkMar22.phpTravels_hwG@3d299e3]" started-at="2020-05-15T10:39:19Z" name="beforeMethod" finished-at="2020-05-15T10:39:19Z" duration-ms="502" status="PASS">
          <reporter-output>
          </reporter-output>
        </test-method> <!-- beforeMethod -->
        <test-method signature="validateTitle(java.lang.String)[pri:8, instance:HomeWorkMar22.phpTravels_hwG@3d299e3]" started-at="2020-05-15T10:39:19Z" name="validateTitle" finished-at="2020-05-15T10:39:19Z" duration-ms="13" status="PASS">
          <params>
            <param index="0">
              <value>
                <![CDATA[Register]]>
              </value>
            </param>
          </params>
          <reporter-output>
          </reporter-output>
        </test-method> <!-- validateTitle -->
        <test-method is-config="true" signature="beforeMethod()[pri:0, instance:HomeWorkMar22.phpTravels_hwG@3d299e3]" started-at="2020-05-15T10:39:19Z" name="beforeMethod" finished-at="2020-05-15T10:39:20Z" duration-ms="500" status="PASS">
          <reporter-output>
          </reporter-output>
        </test-method> <!-- beforeMethod -->
        <test-method signature="validateUrl(java.lang.String)[pri:9, instance:HomeWorkMar22.phpTravels_hwG@3d299e3]" started-at="2020-05-15T10:39:20Z" name="validateUrl" finished-at="2020-05-15T10:39:20Z" duration-ms="14" status="PASS">
          <params>
            <param index="0">
              <value>
                <![CDATA[https://www.phptravels.net/register]]>
              </value>
            </param>
          </params>
          <reporter-output>
          </reporter-output>
        </test-method> <!-- validateUrl -->
        <test-method is-config="true" signature="afterTest()[pri:0, instance:HomeWorkMar22.phpTravels_hwG@3d299e3]" started-at="2020-05-15T10:39:20Z" name="afterTest" finished-at="2020-05-15T10:39:23Z" duration-ms="2713" status="PASS">
          <reporter-output>
          </reporter-output>
        </test-method> <!-- afterTest -->
      </class> <!-- HomeWorkMar22.phpTravels_hwG -->
    </test> <!-- php Travels Sign Up -->
    <test started-at="2020-05-15T14:38:59Z" name="page new tours sign up" finished-at="2020-05-15T14:39:24Z" duration-ms="24963">
      <class name="HomeWorkMar22.pageNewTours_hwG">
        <test-method is-config="true" signature="beforeTest()[pri:0, instance:HomeWorkMar22.pageNewTours_hwG@5d740a0f]" started-at="2020-05-15T10:38:59Z" name="beforeTest" finished-at="2020-05-15T10:39:12Z" duration-ms="13049" status="PASS">
          <reporter-output>
          </reporter-output>
        </test-method> <!-- beforeTest -->
        <test-method is-config="true" signature="beforeMethod()[pri:0, instance:HomeWorkMar22.pageNewTours_hwG@5d740a0f]" started-at="2020-05-15T10:39:12Z" name="beforeMethod" finished-at="2020-05-15T10:39:12Z" duration-ms="501" status="PASS">
          <reporter-output>
          </reporter-output>
        </test-method> <!-- beforeMethod -->
        <test-method signature="validateFirstName(java.lang.String)[pri:1, instance:HomeWorkMar22.pageNewTours_hwG@5d740a0f]" started-at="2020-05-15T10:39:12Z" name="validateFirstName" finished-at="2020-05-15T10:39:13Z" duration-ms="222" status="PASS">
          <params>
            <param index="0">
              <value>
                <![CDATA[Michael]]>
              </value>
            </param>
          </params>
          <reporter-output>
          </reporter-output>
        </test-method> <!-- validateFirstName -->
        <test-method is-config="true" signature="beforeMethod()[pri:0, instance:HomeWorkMar22.pageNewTours_hwG@5d740a0f]" started-at="2020-05-15T10:39:13Z" name="beforeMethod" finished-at="2020-05-15T10:39:13Z" duration-ms="501" status="PASS">
          <reporter-output>
          </reporter-output>
        </test-method> <!-- beforeMethod -->
        <test-method signature="validateLastName(java.lang.String)[pri:2, instance:HomeWorkMar22.pageNewTours_hwG@5d740a0f]" started-at="2020-05-15T10:39:13Z" name="validateLastName" finished-at="2020-05-15T10:39:13Z" duration-ms="156" status="PASS">
          <params>
            <param index="0">
              <value>
                <![CDATA[Smith]]>
              </value>
            </param>
          </params>
          <reporter-output>
          </reporter-output>
        </test-method> <!-- validateLastName -->
        <test-method is-config="true" signature="beforeMethod()[pri:0, instance:HomeWorkMar22.pageNewTours_hwG@5d740a0f]" started-at="2020-05-15T10:39:13Z" name="beforeMethod" finished-at="2020-05-15T10:39:14Z" duration-ms="501" status="PASS">
          <reporter-output>
          </reporter-output>
        </test-method> <!-- beforeMethod -->
        <test-method signature="validatePhone(java.lang.String)[pri:3, instance:HomeWorkMar22.pageNewTours_hwG@5d740a0f]" started-at="2020-05-15T10:39:14Z" name="validatePhone" finished-at="2020-05-15T10:39:14Z" duration-ms="212" status="PASS">
          <params>
            <param index="0">
              <value>
                <![CDATA[7031234567]]>
              </value>
            </param>
          </params>
          <reporter-output>
          </reporter-output>
        </test-method> <!-- validatePhone -->
        <test-method is-config="true" signature="beforeMethod()[pri:0, instance:HomeWorkMar22.pageNewTours_hwG@5d740a0f]" started-at="2020-05-15T10:39:14Z" name="beforeMethod" finished-at="2020-05-15T10:39:14Z" duration-ms="501" status="PASS">
          <reporter-output>
          </reporter-output>
        </test-method> <!-- beforeMethod -->
        <test-method signature="validateEmail(java.lang.String)[pri:4, instance:HomeWorkMar22.pageNewTours_hwG@5d740a0f]" started-at="2020-05-15T10:39:14Z" name="validateEmail" finished-at="2020-05-15T10:39:15Z" duration-ms="232" status="PASS">
          <params>
            <param index="0">
              <value>
                <![CDATA[msmith12@gmail.com]]>
              </value>
            </param>
          </params>
          <reporter-output>
          </reporter-output>
        </test-method> <!-- validateEmail -->
        <test-method is-config="true" signature="beforeMethod()[pri:0, instance:HomeWorkMar22.pageNewTours_hwG@5d740a0f]" started-at="2020-05-15T10:39:15Z" name="beforeMethod" finished-at="2020-05-15T10:39:15Z" duration-ms="506" status="PASS">
          <reporter-output>
          </reporter-output>
        </test-method> <!-- beforeMethod -->
        <test-method signature="validateAddress(java.lang.String)[pri:5, instance:HomeWorkMar22.pageNewTours_hwG@5d740a0f]" started-at="2020-05-15T10:39:15Z" name="validateAddress" finished-at="2020-05-15T10:39:15Z" duration-ms="264" status="PASS">
          <params>
            <param index="0">
              <value>
                <![CDATA[10400 Eaton Pl, Suite 105]]>
              </value>
            </param>
          </params>
          <reporter-output>
          </reporter-output>
        </test-method> <!-- validateAddress -->
        <test-method is-config="true" signature="beforeMethod()[pri:0, instance:HomeWorkMar22.pageNewTours_hwG@5d740a0f]" started-at="2020-05-15T10:39:15Z" name="beforeMethod" finished-at="2020-05-15T10:39:16Z" duration-ms="501" status="PASS">
          <reporter-output>
          </reporter-output>
        </test-method> <!-- beforeMethod -->
        <test-method signature="validateCity(java.lang.String)[pri:6, instance:HomeWorkMar22.pageNewTours_hwG@5d740a0f]" started-at="2020-05-15T10:39:16Z" name="validateCity" finished-at="2020-05-15T10:39:16Z" duration-ms="135" status="PASS">
          <params>
            <param index="0">
              <value>
                <![CDATA[Fairfax]]>
              </value>
            </param>
          </params>
          <reporter-output>
          </reporter-output>
        </test-method> <!-- validateCity -->
        <test-method is-config="true" signature="beforeMethod()[pri:0, instance:HomeWorkMar22.pageNewTours_hwG@5d740a0f]" started-at="2020-05-15T10:39:16Z" name="beforeMethod" finished-at="2020-05-15T10:39:17Z" duration-ms="501" status="PASS">
          <reporter-output>
          </reporter-output>
        </test-method> <!-- beforeMethod -->
        <test-method signature="validateState(java.lang.String)[pri:7, instance:HomeWorkMar22.pageNewTours_hwG@5d740a0f]" started-at="2020-05-15T10:39:17Z" name="validateState" finished-at="2020-05-15T10:39:17Z" duration-ms="164" status="PASS">
          <params>
            <param index="0">
              <value>
                <![CDATA[Virginia]]>
              </value>
            </param>
          </params>
          <reporter-output>
          </reporter-output>
        </test-method> <!-- validateState -->
        <test-method is-config="true" signature="beforeMethod()[pri:0, instance:HomeWorkMar22.pageNewTours_hwG@5d740a0f]" started-at="2020-05-15T10:39:17Z" name="beforeMethod" finished-at="2020-05-15T10:39:17Z" duration-ms="501" status="PASS">
          <reporter-output>
          </reporter-output>
        </test-method> <!-- beforeMethod -->
        <test-method signature="validatePostalCode(java.lang.String)[pri:8, instance:HomeWorkMar22.pageNewTours_hwG@5d740a0f]" started-at="2020-05-15T10:39:17Z" name="validatePostalCode" finished-at="2020-05-15T10:39:17Z" duration-ms="124" status="PASS">
          <params>
            <param index="0">
              <value>
                <![CDATA[22030]]>
              </value>
            </param>
          </params>
          <reporter-output>
          </reporter-output>
        </test-method> <!-- validatePostalCode -->
        <test-method is-config="true" signature="beforeMethod()[pri:0, instance:HomeWorkMar22.pageNewTours_hwG@5d740a0f]" started-at="2020-05-15T10:39:17Z" name="beforeMethod" finished-at="2020-05-15T10:39:18Z" duration-ms="501" status="PASS">
          <reporter-output>
          </reporter-output>
        </test-method> <!-- beforeMethod -->
        <test-method signature="validateUserName(java.lang.String)[pri:9, instance:HomeWorkMar22.pageNewTours_hwG@5d740a0f]" started-at="2020-05-15T10:39:18Z" name="validateUserName" finished-at="2020-05-15T10:39:18Z" duration-ms="164" status="PASS">
          <params>
            <param index="0">
              <value>
                <![CDATA[msmith123]]>
              </value>
            </param>
          </params>
          <reporter-output>
          </reporter-output>
        </test-method> <!-- validateUserName -->
        <test-method is-config="true" signature="beforeMethod()[pri:0, instance:HomeWorkMar22.pageNewTours_hwG@5d740a0f]" started-at="2020-05-15T10:39:18Z" name="beforeMethod" finished-at="2020-05-15T10:39:19Z" duration-ms="501" status="PASS">
          <reporter-output>
          </reporter-output>
        </test-method> <!-- beforeMethod -->
        <test-method signature="validatePassword(java.lang.String)[pri:10, instance:HomeWorkMar22.pageNewTours_hwG@5d740a0f]" started-at="2020-05-15T10:39:19Z" name="validatePassword" finished-at="2020-05-15T10:39:19Z" duration-ms="161" status="PASS">
          <params>
            <param index="0">
              <value>
                <![CDATA[Abcd@1234]]>
              </value>
            </param>
          </params>
          <reporter-output>
          </reporter-output>
        </test-method> <!-- validatePassword -->
        <test-method is-config="true" signature="beforeMethod()[pri:0, instance:HomeWorkMar22.pageNewTours_hwG@5d740a0f]" started-at="2020-05-15T10:39:19Z" name="beforeMethod" finished-at="2020-05-15T10:39:19Z" duration-ms="500" status="PASS">
          <reporter-output>
          </reporter-output>
        </test-method> <!-- beforeMethod -->
        <test-method signature="validateConfirmPassword(java.lang.String)[pri:11, instance:HomeWorkMar22.pageNewTours_hwG@5d740a0f]" started-at="2020-05-15T10:39:19Z" name="validateConfirmPassword" finished-at="2020-05-15T10:39:19Z" duration-ms="132" status="PASS">
          <params>
            <param index="0">
              <value>
                <![CDATA[Abcd@1234]]>
              </value>
            </param>
          </params>
          <reporter-output>
          </reporter-output>
        </test-method> <!-- validateConfirmPassword -->
        <test-method is-config="true" signature="beforeMethod()[pri:0, instance:HomeWorkMar22.pageNewTours_hwG@5d740a0f]" started-at="2020-05-15T10:39:19Z" name="beforeMethod" finished-at="2020-05-15T10:39:20Z" duration-ms="500" status="PASS">
          <reporter-output>
          </reporter-output>
        </test-method> <!-- beforeMethod -->
        <test-method signature="validateSubmit()[pri:12, instance:HomeWorkMar22.pageNewTours_hwG@5d740a0f]" started-at="2020-05-15T10:39:20Z" name="validateSubmit" finished-at="2020-05-15T10:39:20Z" duration-ms="123" status="PASS">
          <reporter-output>
            <line>
              <![CDATA[Verifying the submit button is enabled]]>
            </line>
            <line>
              <![CDATA[Verifying the submit button is displayed]]>
            </line>
          </reporter-output>
        </test-method> <!-- validateSubmit -->
        <test-method is-config="true" signature="beforeMethod()[pri:0, instance:HomeWorkMar22.pageNewTours_hwG@5d740a0f]" started-at="2020-05-15T10:39:20Z" name="beforeMethod" finished-at="2020-05-15T10:39:20Z" duration-ms="501" status="PASS">
          <reporter-output>
          </reporter-output>
        </test-method> <!-- beforeMethod -->
        <test-method signature="validateTitle(java.lang.String)[pri:13, instance:HomeWorkMar22.pageNewTours_hwG@5d740a0f]" started-at="2020-05-15T10:39:20Z" name="validateTitle" finished-at="2020-05-15T10:39:20Z" duration-ms="15" status="PASS">
          <params>
            <param index="0">
              <value>
                <![CDATA[Register: Mercury Tours]]>
              </value>
            </param>
          </params>
          <reporter-output>
          </reporter-output>
        </test-method> <!-- validateTitle -->
        <test-method is-config="true" signature="beforeMethod()[pri:0, instance:HomeWorkMar22.pageNewTours_hwG@5d740a0f]" started-at="2020-05-15T10:39:20Z" name="beforeMethod" finished-at="2020-05-15T10:39:21Z" duration-ms="501" status="PASS">
          <reporter-output>
          </reporter-output>
        </test-method> <!-- beforeMethod -->
        <test-method signature="validateUrl(java.lang.String)[pri:14, instance:HomeWorkMar22.pageNewTours_hwG@5d740a0f]" started-at="2020-05-15T10:39:21Z" name="validateUrl" finished-at="2020-05-15T10:39:21Z" duration-ms="13" status="PASS">
          <params>
            <param index="0">
              <value>
                <![CDATA[http://newtours.demoaut.com/mercuryregister.php]]>
              </value>
            </param>
          </params>
          <reporter-output>
          </reporter-output>
        </test-method> <!-- validateUrl -->
        <test-method is-config="true" signature="afterTest()[pri:0, instance:HomeWorkMar22.pageNewTours_hwG@5d740a0f]" started-at="2020-05-15T10:39:21Z" name="afterTest" finished-at="2020-05-15T10:39:24Z" duration-ms="2693" status="PASS">
          <reporter-output>
          </reporter-output>
        </test-method> <!-- afterTest -->
      </class> <!-- HomeWorkMar22.pageNewTours_hwG -->
    </test> <!-- page new tours sign up -->
  </suite> <!-- data driver framework -->
</testng-results>
