<?xml version="1.0" encoding="UTF-8"?>
<testng-results ignored="0" total="1" passed="1" failed="0" skipped="0">
  <reporter-output>
  </reporter-output>
  <suite started-at="2020-04-27T16:00:27Z" name="HomeWork_March22" finished-at="2020-04-27T16:00:37Z" duration-ms="10042">
    <groups>
    </groups>
    <test started-at="2020-04-27T16:00:27Z" name="pageNewTours_phpTravels_yahooAccount_automationPractice" finished-at="2020-04-27T16:00:37Z" duration-ms="10042">
      <class name="Agile1Tech.sqaTest.test1">
        <test-method signature="sampleTest()[pri:0, instance:Agile1Tech.sqaTest.test1@1e67a849]" started-at="2020-04-27T12:00:27Z" name="sampleTest" finished-at="2020-04-27T12:00:37Z" duration-ms="10002" status="PASS">
          <reporter-output>
          </reporter-output>
        </test-method> <!-- sampleTest -->
      </class> <!-- Agile1Tech.sqaTest.test1 -->
    </test> <!-- pageNewTours_phpTravels_yahooAccount_automationPractice -->
  </suite> <!-- HomeWork_March22 -->
</testng-results>
