<?xml version="1.0" encoding="UTF-8"?>
<!-- Generated by org.testng.reporters.JUnitXMLReporter -->
<testsuite ignored="0" hostname="LAPTOP-DMU344E3" failures="0" tests="45" name="pageNewTours_phpTravels_yahooAccount_automationPractice" time="74.085" errors="0" timestamp="07 Apr 2020 03:48:01 GMT">
  <testcase classname="HomeWorkMar22.phpTravels_hwB" name="validateFirstName" time="0.195"/>
  <testcase classname="HomeWorkMar22.yahooAccount_hwC" name="validateFirstName" time="0.233"/>
  <testcase classname="HomeWorkMar22.automationPractice_hwD" name="validateSpecials" time="0.267"/>
  <testcase classname="HomeWorkMar22.phpTravels_hwB" name="validateLastName" time="0.216"/>
  <testcase classname="HomeWorkMar22.yahooAccount_hwC" name="validateLastName" time="0.207"/>
  <testcase classname="HomeWorkMar22.automationPractice_hwD" name="validateCreateAccount" time="0.152"/>
  <testcase classname="HomeWorkMar22.phpTravels_hwB" name="validatePhone" time="0.226"/>
  <testcase classname="HomeWorkMar22.yahooAccount_hwC" name="validateId" time="0.24"/>
  <testcase classname="HomeWorkMar22.automationPractice_hwD" name="validateTitleMr" time="0.119"/>
  <testcase classname="HomeWorkMar22.phpTravels_hwB" name="validateEmail" time="0.312"/>
  <testcase classname="HomeWorkMar22.yahooAccount_hwC" name="validatePassword" time="0.2"/>
  <testcase classname="HomeWorkMar22.automationPractice_hwD" name="validateFirstName" time="0.118"/>
  <testcase classname="HomeWorkMar22.phpTravels_hwB" name="validatePassword" time="0.179"/>
  <testcase classname="HomeWorkMar22.yahooAccount_hwC" name="validatePhone" time="0.19"/>
  <testcase classname="HomeWorkMar22.automationPractice_hwD" name="validateLastName" time="0.137"/>
  <testcase classname="HomeWorkMar22.phpTravels_hwB" name="validateConfirmPassword" time="0.184"/>
  <testcase classname="HomeWorkMar22.yahooAccount_hwC" name="validateMonth" time="0.169"/>
  <testcase classname="HomeWorkMar22.automationPractice_hwD" name="validatePassword" time="0.176"/>
  <testcase classname="HomeWorkMar22.phpTravels_hwB" name="validateSignUp" time="0.055"/>
  <testcase classname="HomeWorkMar22.yahooAccount_hwC" name="validateDate" time="0.118"/>
  <testcase classname="HomeWorkMar22.automationPractice_hwD" name="validateDate" time="0.156"/>
  <testcase classname="HomeWorkMar22.phpTravels_hwB" name="validateTitle" time="0.016"/>
  <testcase classname="HomeWorkMar22.yahooAccount_hwC" name="validateYear" time="0.137"/>
  <testcase classname="HomeWorkMar22.automationPractice_hwD" name="validateMonth" time="0.276"/>
  <testcase classname="HomeWorkMar22.phpTravels_hwB" name="validateUrl" time="0.016"/>
  <testcase classname="HomeWorkMar22.yahooAccount_hwC" name="validateGender" time="0.135"/>
  <testcase classname="HomeWorkMar22.automationPractice_hwD" name="validateYear" time="0.154"/>
  <testcase classname="HomeWorkMar22.yahooAccount_hwC" name="validateTerms" time="0.065"/>
  <testcase classname="HomeWorkMar22.automationPractice_hwD" name="validateNewsLetter" time="0.112"/>
  <testcase classname="HomeWorkMar22.yahooAccount_hwC" name="validatePrivacyPolicy" time="0.066"/>
  <testcase classname="HomeWorkMar22.automationPractice_hwD" name="validateSpecialOffers" time="0.104"/>
  <testcase classname="HomeWorkMar22.yahooAccount_hwC" name="validateContinueButton" time="0.046"/>
  <testcase classname="HomeWorkMar22.automationPractice_hwD" name="validateCompany" time="0.197"/>
  <testcase classname="HomeWorkMar22.yahooAccount_hwC" name="validateSignIn" time="0.05"/>
  <testcase classname="HomeWorkMar22.automationPractice_hwD" name="validateAddress" time="0.36"/>
  <testcase classname="HomeWorkMar22.automationPractice_hwD" name="validateCity" time="0.164"/>
  <testcase classname="HomeWorkMar22.automationPractice_hwD" name="valdateState" time="0.161"/>
  <testcase classname="HomeWorkMar22.automationPractice_hwD" name="valdateZipCode" time="0.197"/>
  <testcase classname="HomeWorkMar22.automationPractice_hwD" name="validateAdditionalInformation" time="0.18"/>
  <testcase classname="HomeWorkMar22.automationPractice_hwD" name="validateHomePhone" time="0.234"/>
  <testcase classname="HomeWorkMar22.automationPractice_hwD" name="validateMobilePhone" time="0.195"/>
  <testcase classname="HomeWorkMar22.automationPractice_hwD" name="validateAlias" time="0.193"/>
  <testcase classname="HomeWorkMar22.automationPractice_hwD" name="validateRegister" time="0.064"/>
  <testcase classname="HomeWorkMar22.automationPractice_hwD" name="validateUrl" time="0.014"/>
  <testcase classname="HomeWorkMar22.automationPractice_hwD" name="validateTitle" time="0.011"/>
</testsuite> <!-- pageNewTours_phpTravels_yahooAccount_automationPractice -->
