<?xml version="1.0" encoding="UTF-8"?>
<testng-results ignored="0" total="1" passed="1" failed="0" skipped="0">
  <reporter-output>
  </reporter-output>
  <suite started-at="2020-06-07T20:20:57Z" name="Default suite" finished-at="2020-06-07T20:21:12Z" duration-ms="14523">
    <groups>
    </groups>
    <test started-at="2020-06-07T20:20:57Z" name="Default test" finished-at="2020-06-07T20:21:12Z" duration-ms="14523">
      <class name="ramdonPackage.sampleAlert">
        <test-method signature="softAssert()[pri:0, instance:ramdonPackage.sampleAlert@f736069]" started-at="2020-06-07T16:20:57Z" name="softAssert" finished-at="2020-06-07T16:21:12Z" duration-ms="14496" status="PASS">
          <reporter-output>
          </reporter-output>
        </test-method> <!-- softAssert -->
      </class> <!-- ramdonPackage.sampleAlert -->
    </test> <!-- Default test -->
  </suite> <!-- Default suite -->
</testng-results>
