<?xml version="1.0" encoding="UTF-8"?>
<!-- Generated by org.testng.reporters.JUnitXMLReporter -->
<testsuite ignored="0" hostname="LAPTOP-DMU344E3" failures="0" tests="13" name="Default test" time="24.462" errors="0" timestamp="11 Apr 2020 03:29:42 GMT">
  <testcase classname="HomeWorkMar22.yahooAccount_hwC" name="validateFirstName" time="0.347"/>
  <testcase classname="HomeWorkMar22.yahooAccount_hwC" name="validateLastName" time="0.222"/>
  <testcase classname="HomeWorkMar22.yahooAccount_hwC" name="validateId" time="0.273"/>
  <testcase classname="HomeWorkMar22.yahooAccount_hwC" name="validatePassword" time="0.232"/>
  <testcase classname="HomeWorkMar22.yahooAccount_hwC" name="validatePhone" time="0.226"/>
  <testcase classname="HomeWorkMar22.yahooAccount_hwC" name="validateMonth" time="0.211"/>
  <testcase classname="HomeWorkMar22.yahooAccount_hwC" name="validateDate" time="0.138"/>
  <testcase classname="HomeWorkMar22.yahooAccount_hwC" name="validateYear" time="0.154"/>
  <testcase classname="HomeWorkMar22.yahooAccount_hwC" name="validateGender" time="0.159"/>
  <testcase classname="HomeWorkMar22.yahooAccount_hwC" name="validateTerms" time="0.062"/>
  <testcase classname="HomeWorkMar22.yahooAccount_hwC" name="validatePrivacyPolicy" time="0.056"/>
  <testcase classname="HomeWorkMar22.yahooAccount_hwC" name="validateContinueButton" time="0.056"/>
  <testcase classname="HomeWorkMar22.yahooAccount_hwC" name="validateSignIn" time="0.058"/>
</testsuite> <!-- Default test -->
