<?xml version="1.0" encoding="UTF-8"?>
<!-- Generated by org.testng.reporters.JUnitXMLReporter -->
<testsuite ignored="0" hostname="LAPTOP-DMU344E3" failures="0" tests="9" name="Default test" time="22.77" errors="0" timestamp="20 Apr 2020 00:41:03 GMT">
  <testcase classname="HomeWorkMar22.phpTravels_hwB" name="validateFirstName" time="0.193"/>
  <testcase classname="HomeWorkMar22.phpTravels_hwB" name="validateLastName" time="0.173"/>
  <testcase classname="HomeWorkMar22.phpTravels_hwB" name="validatePhone" time="0.195"/>
  <testcase classname="HomeWorkMar22.phpTravels_hwB" name="validateEmail" time="0.283"/>
  <testcase classname="HomeWorkMar22.phpTravels_hwB" name="validatePassword" time="0.177"/>
  <testcase classname="HomeWorkMar22.phpTravels_hwB" name="validateConfirmPassword" time="0.167"/>
  <testcase classname="HomeWorkMar22.phpTravels_hwB" name="validateSignUp" time="0.053"/>
  <testcase classname="HomeWorkMar22.phpTravels_hwB" name="validateTitle" time="0.015"/>
  <testcase classname="HomeWorkMar22.phpTravels_hwB" name="validateUrl" time="0.016"/>
</testsuite> <!-- Default test -->
