<?xml version="1.0" encoding="UTF-8"?>
<!-- Generated by org.testng.reporters.JUnitXMLReporter -->
<testsuite ignored="0" hostname="LAPTOP-DMU344E3" failures="0" tests="9" name="php Travels Sign Up" time="22.165" errors="0" timestamp="07 Apr 2020 03:44:54 GMT">
  <testcase classname="HomeWorkMar22.phpTravels_hwG" name="validateFirstName" time="0.153"/>
  <testcase classname="HomeWorkMar22.phpTravels_hwG" name="validateLastName" time="0.137"/>
  <testcase classname="HomeWorkMar22.phpTravels_hwG" name="validatePhone" time="0.239"/>
  <testcase classname="HomeWorkMar22.phpTravels_hwG" name="validateEmail" time="0.306"/>
  <testcase classname="HomeWorkMar22.phpTravels_hwG" name="validatePassword" time="0.187"/>
  <testcase classname="HomeWorkMar22.phpTravels_hwG" name="validateConfirmPassword" time="0.172"/>
  <testcase classname="HomeWorkMar22.phpTravels_hwG" name="validateSignUp" time="0.055"/>
  <testcase classname="HomeWorkMar22.phpTravels_hwG" name="validateTitle" time="0.016"/>
  <testcase classname="HomeWorkMar22.phpTravels_hwG" name="validateUrl" time="0.016"/>
</testsuite> <!-- php Travels Sign Up -->
